#
# There is insufficient memory for the Java Runtime Environment to continue.
# Native memory allocation (malloc) failed to allocate 32744 bytes. Error detail: Chunk::new
# Possible reasons:
#   The system is out of physical RAM or swap space
#   This process is running with CompressedOops enabled, and the Java Heap may be blocking the growth of the native heap
# Possible solutions:
#   Reduce memory load on the system
#   Increase physical memory or swap space
#   Check if swap backing store is full
#   Decrease Java heap size (-Xmx/-Xms)
#   Decrease number of Java threads
#   Decrease Java thread stack sizes (-Xss)
#   Set larger code cache with -XX:ReservedCodeCacheSize=
#   JVM is running with Unscaled Compressed Oops mode in which the Java heap is
#     placed in the first 4GB address space. The Java Heap base address is the
#     maximum limit for the native heap growth. Please use -XX:HeapBaseMinAddress
#     to set the Java Heap base and to place the Java Heap above 4GB virtual address.
# This output file may be truncated or incomplete.
#
#  Out of Memory Error (arena.cpp:168), pid=10396, tid=3792
#
# JRE version: OpenJDK Runtime Environment (21.0.6) (build 21.0.6+-13355223-b631.42)
# Java VM: OpenJDK 64-Bit Server VM (21.0.6+-13355223-b631.42, mixed mode, tiered, compressed oops, compressed class ptrs, g1 gc, windows-amd64)
# No core dump will be written. Minidumps are not enabled by default on client versions of Windows
#

---------------  S U M M A R Y ------------

Command Line: org.jetbrains.kotlin.cli.jvm.K2JVMCompiler @C:\Users\DNS\AndroidStudioProjects\zd6_v8_KMA\app\build\20251214_11590817195795883854.compiler.options

Host: Intel(R) Pentium(R) Silver N5030 CPU @ 1.10GHz, 4 cores, 3G,  Windows 11 , 64 bit Build 22621 (10.0.22621.5415)
Time: Sun Dec 14 18:09:29 2025 RTZ 4 (s 11 , 64 bit Build 22621 (10.0.22621.5415) elapsed time: 34.908035 seconds (0d 0h 0m 34s)

---------------  T H R E A D  ---------------

Current thread (0x00000284202ab150):  JavaThread "C1 CompilerThread0" daemon [_thread_in_native, id=3792, stack(0x000000d7c4500000,0x000000d7c4600000) (1024K)]


Current CompileTask:
C1:34908 10658       2       java.util.Collections$UnmodifiableSet::<init> (6 bytes)

Stack: [0x000000d7c4500000,0x000000d7c4600000]
Native frames: (J=compiled Java code, j=interpreted, Vv=VM code, C=native code)
V  [jvm.dll+0x6d05a9]
V  [jvm.dll+0x85ea73]
V  [jvm.dll+0x860fce]
V  [jvm.dll+0x8616b3]
V  [jvm.dll+0x27e6e6]
V  [jvm.dll+0xbff6d]
V  [jvm.dll+0xc04a3]
V  [jvm.dll+0x28098c]
V  [jvm.dll+0x280bac]
V  [jvm.dll+0x280659]
V  [jvm.dll+0x166a0a]
V  [jvm.dll+0x1669fe]
V  [jvm.dll+0x166995]
V  [jvm.dll+0x16cd67]
V  [jvm.dll+0x16fe66]
V  [jvm.dll+0x16d230]
V  [jvm.dll+0x16d4d7]
V  [jvm.dll+0x16d30e]
V  [jvm.dll+0x1501a1]
V  [jvm.dll+0x14fd14]
V  [jvm.dll+0x14fee6]
V  [jvm.dll+0x14f25f]
V  [jvm.dll+0x151081]
V  [jvm.dll+0x2569ac]
V  [jvm.dll+0x254ef6]
V  [jvm.dll+0x3f0e56]
V  [jvm.dll+0x806e48]
V  [jvm.dll+0x6cee7d]
C  [ucrtbase.dll+0x29333]
C  [KERNEL32.DLL+0x1259d]
C  [ntdll.dll+0x5af78]


---------------  P R O C E S S  ---------------

Threads class SMR info:
_java_thread_list=0x00000284206ad880, length=11, elements={
0x00000284084bcd20, 0x00000284202a05a0, 0x00000284201448e0, 0x00000284201526c0,
0x0000028420153110, 0x0000028420154300, 0x0000028420154e80, 0x000002842015c180,
0x00000284202ab150, 0x000002842042c970, 0x00000284204415c0
}

Java Threads: ( => current thread )
  0x00000284084bcd20 JavaThread "main"                              [_thread_in_vm, id=18164, stack(0x000000d7c3600000,0x000000d7c3700000) (1024K)]
  0x00000284202a05a0 JavaThread "Reference Handler"          daemon [_thread_blocked, id=14568, stack(0x000000d7c3e00000,0x000000d7c3f00000) (1024K)]
  0x00000284201448e0 JavaThread "Finalizer"                  daemon [_thread_blocked, id=8228, stack(0x000000d7c3f00000,0x000000d7c4000000) (1024K)]
  0x00000284201526c0 JavaThread "Signal Dispatcher"          daemon [_thread_blocked, id=10136, stack(0x000000d7c4000000,0x000000d7c4100000) (1024K)]
  0x0000028420153110 JavaThread "Attach Listener"            daemon [_thread_blocked, id=9656, stack(0x000000d7c4100000,0x000000d7c4200000) (1024K)]
  0x0000028420154300 JavaThread "Service Thread"             daemon [_thread_blocked, id=8812, stack(0x000000d7c4200000,0x000000d7c4300000) (1024K)]
  0x0000028420154e80 JavaThread "Monitor Deflation Thread"   daemon [_thread_blocked, id=13488, stack(0x000000d7c4300000,0x000000d7c4400000) (1024K)]
  0x000002842015c180 JavaThread "C2 CompilerThread0"         daemon [_thread_in_native, id=9400, stack(0x000000d7c4400000,0x000000d7c4500000) (1024K)]
=>0x00000284202ab150 JavaThread "C1 CompilerThread0"         daemon [_thread_in_native, id=3792, stack(0x000000d7c4500000,0x000000d7c4600000) (1024K)]
  0x000002842042c970 JavaThread "Notification Thread"        daemon [_thread_blocked, id=10500, stack(0x000000d7c4600000,0x000000d7c4700000) (1024K)]
  0x00000284204415c0 JavaThread "Common-Cleaner"             daemon [_thread_blocked, id=12428, stack(0x000000d7c4700000,0x000000d7c4800000) (1024K)]
Total: 11

Other Threads:
  0x000002840a87d170 VMThread "VM Thread"                           [id=14624, stack(0x000000d7c3d00000,0x000000d7c3e00000) (1024K)]
  0x000002842007d1a0 WatcherThread "VM Periodic Task Thread"        [id=6492, stack(0x000000d7c3c00000,0x000000d7c3d00000) (1024K)]
  0x000002840a7f1780 WorkerThread "GC Thread#0"                     [id=1400, stack(0x000000d7c3700000,0x000000d7c3800000) (1024K)]
  0x0000028420975af0 WorkerThread "GC Thread#1"                     [id=3692, stack(0x000000d7c4800000,0x000000d7c4900000) (1024K)]
  0x0000028420972cd0 WorkerThread "GC Thread#2"                     [id=17860, stack(0x000000d7c4900000,0x000000d7c4a00000) (1024K)]
  0x00000284209b9710 WorkerThread "GC Thread#3"                     [id=15828, stack(0x000000d7c4a00000,0x000000d7c4b00000) (1024K)]
  0x000002840a7fa970 ConcurrentGCThread "G1 Main Marker"            [id=6708, stack(0x000000d7c3800000,0x000000d7c3900000) (1024K)]
  0x000002840a7fb470 WorkerThread "G1 Conc#0"                       [id=16088, stack(0x000000d7c3900000,0x000000d7c3a00000) (1024K)]
  0x000002840a8564c0 ConcurrentGCThread "G1 Refine#0"               [id=14584, stack(0x000000d7c3a00000,0x000000d7c3b00000) (1024K)]
  0x000002840a857030 ConcurrentGCThread "G1 Service"                [id=1864, stack(0x000000d7c3b00000,0x000000d7c3c00000) (1024K)]
Total: 10

Threads with active compile tasks:
C2 CompilerThread0  35073 10494       4       org.jetbrains.kotlin.resolve.calls.tower.NoExplicitReceiverScopeTowerProcessor::simpleProcess (947 bytes)
C1 CompilerThread0  35073 10658       2       java.util.Collections$UnmodifiableSet::<init> (6 bytes)
Total: 2

VM state: not at safepoint (normal execution)

VM Mutex/Monitor currently owned by a thread: None

Heap address: 0x00000000c3000000, size: 976 MB, Compressed Oops mode: 32-bit

CDS archive(s) not mapped
Compressed class space mapped at: 0x0000000100000000-0x0000000140000000, reserved size: 1073741824
Narrow klass base: 0x0000000000000000, Narrow klass shift: 3, Narrow klass range: 0x140000000

GC Precious Log:
 CardTable entry size: 512
 Card Set container configuration: InlinePtr #cards 5 size 8 Array Of Cards #cards 12 size 40 Howl #buckets 4 coarsen threshold 1843 Howl Bitmap #cards 512 size 80 coarsen threshold 460 Card regions per heap region 1 cards per card region 2048
 CPUs: 4 total, 4 available
 Memory: 3899M
 Large Page Support: Disabled
 NUMA Support: Disabled
 Compressed Oops: Enabled (32-bit)
 Heap Region Size: 1M
 Heap Min Capacity: 8M
 Heap Initial Capacity: 62M
 Heap Max Capacity: 976M
 Pre-touch: Disabled
 Parallel Workers: 4
 Concurrent Workers: 1
 Concurrent Refinement Workers: 4
 Periodic GC: Disabled

Heap:
 garbage-first heap   total 89088K, used 65520K [0x00000000c3000000, 0x0000000100000000)
  region size 1024K, 11 young (11264K), 3 survivors (3072K)
 Metaspace       used 64828K, committed 65536K, reserved 1114112K
  class space    used 7247K, committed 7616K, reserved 1048576K

Heap Regions: E=young(eden), S=young(survivor), O=old, HS=humongous(starts), HC=humongous(continues), CS=collection set, F=free, TAMS=top-at-mark-start, PB=parsable bottom
|   0|0x00000000c3000000, 0x00000000c3100000, 0x00000000c3100000|100%|HS|  |TAMS 0x00000000c3000000| PB 0x00000000c3000000| Complete 
|   1|0x00000000c3100000, 0x00000000c3200000, 0x00000000c3200000|100%|HC|  |TAMS 0x00000000c3100000| PB 0x00000000c3100000| Complete 
|   2|0x00000000c3200000, 0x00000000c3300000, 0x00000000c3300000|100%|HC|  |TAMS 0x00000000c3200000| PB 0x00000000c3200000| Complete 
|   3|0x00000000c3300000, 0x00000000c3400000, 0x00000000c3400000|100%|HC|  |TAMS 0x00000000c3300000| PB 0x00000000c3300000| Complete 
|   4|0x00000000c3400000, 0x00000000c3500000, 0x00000000c3500000|100%| O|  |TAMS 0x00000000c3400000| PB 0x00000000c3400000| Untracked 
|   5|0x00000000c3500000, 0x00000000c3600000, 0x00000000c3600000|100%| O|  |TAMS 0x00000000c3500000| PB 0x00000000c3500000| Untracked 
|   6|0x00000000c3600000, 0x00000000c3700000, 0x00000000c3700000|100%| O|  |TAMS 0x00000000c3600000| PB 0x00000000c3600000| Untracked 
|   7|0x00000000c3700000, 0x00000000c3800000, 0x00000000c3800000|100%| O|  |TAMS 0x00000000c3700000| PB 0x00000000c3700000| Untracked 
|   8|0x00000000c3800000, 0x00000000c3900000, 0x00000000c3900000|100%| O|  |TAMS 0x00000000c3800000| PB 0x00000000c3800000| Untracked 
|   9|0x00000000c3900000, 0x00000000c3a00000, 0x00000000c3a00000|100%| O|  |TAMS 0x00000000c3900000| PB 0x00000000c3900000| Untracked 
|  10|0x00000000c3a00000, 0x00000000c3a00000, 0x00000000c3b00000|  0%| F|  |TAMS 0x00000000c3a00000| PB 0x00000000c3a00000| Untracked 
|  11|0x00000000c3b00000, 0x00000000c3c00000, 0x00000000c3c00000|100%| O|  |TAMS 0x00000000c3b00000| PB 0x00000000c3b00000| Untracked 
|  12|0x00000000c3c00000, 0x00000000c3d00000, 0x00000000c3d00000|100%| O|  |TAMS 0x00000000c3c00000| PB 0x00000000c3c00000| Untracked 
|  13|0x00000000c3d00000, 0x00000000c3e00000, 0x00000000c3e00000|100%| O|  |TAMS 0x00000000c3d00000| PB 0x00000000c3d00000| Untracked 
|  14|0x00000000c3e00000, 0x00000000c3f00000, 0x00000000c3f00000|100%| O|  |TAMS 0x00000000c3e00000| PB 0x00000000c3e00000| Untracked 
|  15|0x00000000c3f00000, 0x00000000c4000000, 0x00000000c4000000|100%| O|  |TAMS 0x00000000c3f00000| PB 0x00000000c3f00000| Untracked 
|  16|0x00000000c4000000, 0x00000000c4100000, 0x00000000c4100000|100%| O|  |TAMS 0x00000000c4000000| PB 0x00000000c4000000| Untracked 
|  17|0x00000000c4100000, 0x00000000c4200000, 0x00000000c4200000|100%| O|  |TAMS 0x00000000c4100000| PB 0x00000000c4100000| Untracked 
|  18|0x00000000c4200000, 0x00000000c4300000, 0x00000000c4300000|100%|HS|  |TAMS 0x00000000c4200000| PB 0x00000000c4200000| Complete 
|  19|0x00000000c4300000, 0x00000000c4400000, 0x00000000c4400000|100%|HC|  |TAMS 0x00000000c4300000| PB 0x00000000c4300000| Complete 
|  20|0x00000000c4400000, 0x00000000c4500000, 0x00000000c4500000|100%| O|  |TAMS 0x00000000c4400000| PB 0x00000000c4400000| Untracked 
|  21|0x00000000c4500000, 0x00000000c4600000, 0x00000000c4600000|100%| O|  |TAMS 0x00000000c4500000| PB 0x00000000c4500000| Untracked 
|  22|0x00000000c4600000, 0x00000000c4700000, 0x00000000c4700000|100%| O|  |TAMS 0x00000000c4600000| PB 0x00000000c4600000| Untracked 
|  23|0x00000000c4700000, 0x00000000c4800000, 0x00000000c4800000|100%| O|  |TAMS 0x00000000c4700000| PB 0x00000000c4700000| Untracked 
|  24|0x00000000c4800000, 0x00000000c4900000, 0x00000000c4900000|100%| O|  |TAMS 0x00000000c4800000| PB 0x00000000c4800000| Untracked 
|  25|0x00000000c4900000, 0x00000000c4a00000, 0x00000000c4a00000|100%| O|  |TAMS 0x00000000c4900000| PB 0x00000000c4900000| Untracked 
|  26|0x00000000c4a00000, 0x00000000c4b00000, 0x00000000c4b00000|100%| O|  |TAMS 0x00000000c4a00000| PB 0x00000000c4a00000| Untracked 
|  27|0x00000000c4b00000, 0x00000000c4c00000, 0x00000000c4c00000|100%| O|  |TAMS 0x00000000c4b00000| PB 0x00000000c4b00000| Untracked 
|  28|0x00000000c4c00000, 0x00000000c4d00000, 0x00000000c4d00000|100%| O|  |TAMS 0x00000000c4c00000| PB 0x00000000c4c00000| Untracked 
|  29|0x00000000c4d00000, 0x00000000c4e00000, 0x00000000c4e00000|100%| O|  |TAMS 0x00000000c4d00000| PB 0x00000000c4d00000| Untracked 
|  30|0x00000000c4e00000, 0x00000000c4f00000, 0x00000000c4f00000|100%| O|  |TAMS 0x00000000c4e00000| PB 0x00000000c4e00000| Untracked 
|  31|0x00000000c4f00000, 0x00000000c5000000, 0x00000000c5000000|100%| O|  |TAMS 0x00000000c4f00000| PB 0x00000000c4f00000| Untracked 
|  32|0x00000000c5000000, 0x00000000c5100000, 0x00000000c5100000|100%| O|  |TAMS 0x00000000c5000000| PB 0x00000000c5000000| Untracked 
|  33|0x00000000c5100000, 0x00000000c5200000, 0x00000000c5200000|100%| O|  |TAMS 0x00000000c5100000| PB 0x00000000c5100000| Untracked 
|  34|0x00000000c5200000, 0x00000000c5300000, 0x00000000c5300000|100%| O|  |TAMS 0x00000000c5200000| PB 0x00000000c5200000| Untracked 
|  35|0x00000000c5300000, 0x00000000c5400000, 0x00000000c5400000|100%| O|  |TAMS 0x00000000c5300000| PB 0x00000000c5300000| Untracked 
|  36|0x00000000c5400000, 0x00000000c5500000, 0x00000000c5500000|100%| O|  |TAMS 0x00000000c5400000| PB 0x00000000c5400000| Untracked 
|  37|0x00000000c5500000, 0x00000000c5600000, 0x00000000c5600000|100%| O|  |TAMS 0x00000000c5500000| PB 0x00000000c5500000| Untracked 
|  38|0x00000000c5600000, 0x00000000c5700000, 0x00000000c5700000|100%| O|  |TAMS 0x00000000c5600000| PB 0x00000000c5600000| Untracked 
|  39|0x00000000c5700000, 0x00000000c5800000, 0x00000000c5800000|100%| O|  |TAMS 0x00000000c5700000| PB 0x00000000c5700000| Untracked 
|  40|0x00000000c5800000, 0x00000000c5900000, 0x00000000c5900000|100%| O|  |TAMS 0x00000000c5800000| PB 0x00000000c5800000| Untracked 
|  41|0x00000000c5900000, 0x00000000c5a00000, 0x00000000c5a00000|100%| O|  |TAMS 0x00000000c5900000| PB 0x00000000c5900000| Untracked 
|  42|0x00000000c5a00000, 0x00000000c5b00000, 0x00000000c5b00000|100%| O|  |TAMS 0x00000000c5a00000| PB 0x00000000c5a00000| Untracked 
|  43|0x00000000c5b00000, 0x00000000c5c00000, 0x00000000c5c00000|100%| O|  |TAMS 0x00000000c5b00000| PB 0x00000000c5b00000| Untracked 
|  44|0x00000000c5c00000, 0x00000000c5d00000, 0x00000000c5d00000|100%| O|  |TAMS 0x00000000c5c00000| PB 0x00000000c5c00000| Untracked 
|  45|0x00000000c5d00000, 0x00000000c5e00000, 0x00000000c5e00000|100%| O|  |TAMS 0x00000000c5d00000| PB 0x00000000c5d00000| Untracked 
|  46|0x00000000c5e00000, 0x00000000c5f00000, 0x00000000c5f00000|100%| O|  |TAMS 0x00000000c5e00000| PB 0x00000000c5e00000| Untracked 
|  47|0x00000000c5f00000, 0x00000000c6000000, 0x00000000c6000000|100%| O|  |TAMS 0x00000000c5f00000| PB 0x00000000c5f00000| Untracked 
|  48|0x00000000c6000000, 0x00000000c6100000, 0x00000000c6100000|100%| O|  |TAMS 0x00000000c6000000| PB 0x00000000c6000000| Untracked 
|  49|0x00000000c6100000, 0x00000000c6200000, 0x00000000c6200000|100%| O|  |TAMS 0x00000000c6100000| PB 0x00000000c6100000| Untracked 
|  50|0x00000000c6200000, 0x00000000c6300000, 0x00000000c6300000|100%| O|  |TAMS 0x00000000c6200000| PB 0x00000000c6200000| Untracked 
|  51|0x00000000c6300000, 0x00000000c6300000, 0x00000000c6400000|  0%| F|  |TAMS 0x00000000c6300000| PB 0x00000000c6300000| Untracked 
|  52|0x00000000c6400000, 0x00000000c6500000, 0x00000000c6500000|100%| O|  |TAMS 0x00000000c6400000| PB 0x00000000c6400000| Untracked 
|  53|0x00000000c6500000, 0x00000000c6500000, 0x00000000c6600000|  0%| F|  |TAMS 0x00000000c6500000| PB 0x00000000c6500000| Untracked 
|  54|0x00000000c6600000, 0x00000000c6600000, 0x00000000c6700000|  0%| F|  |TAMS 0x00000000c6600000| PB 0x00000000c6600000| Untracked 
|  55|0x00000000c6700000, 0x00000000c6700000, 0x00000000c6800000|  0%| F|  |TAMS 0x00000000c6700000| PB 0x00000000c6700000| Untracked 
|  56|0x00000000c6800000, 0x00000000c6800000, 0x00000000c6900000|  0%| F|  |TAMS 0x00000000c6800000| PB 0x00000000c6800000| Untracked 
|  57|0x00000000c6900000, 0x00000000c6900000, 0x00000000c6a00000|  0%| F|  |TAMS 0x00000000c6900000| PB 0x00000000c6900000| Untracked 
|  58|0x00000000c6a00000, 0x00000000c6a00000, 0x00000000c6b00000|  0%| F|  |TAMS 0x00000000c6a00000| PB 0x00000000c6a00000| Untracked 
|  59|0x00000000c6b00000, 0x00000000c6bfc1b0, 0x00000000c6c00000| 98%| S|CS|TAMS 0x00000000c6b00000| PB 0x00000000c6b00000| Complete 
|  60|0x00000000c6c00000, 0x00000000c6d00000, 0x00000000c6d00000|100%| S|CS|TAMS 0x00000000c6c00000| PB 0x00000000c6c00000| Complete 
|  61|0x00000000c6d00000, 0x00000000c6e00000, 0x00000000c6e00000|100%| S|CS|TAMS 0x00000000c6d00000| PB 0x00000000c6d00000| Complete 
|  62|0x00000000c6e00000, 0x00000000c6e00000, 0x00000000c6f00000|  0%| F|  |TAMS 0x00000000c6e00000| PB 0x00000000c6e00000| Untracked 
|  63|0x00000000c6f00000, 0x00000000c6f00000, 0x00000000c7000000|  0%| F|  |TAMS 0x00000000c6f00000| PB 0x00000000c6f00000| Untracked 
|  64|0x00000000c7000000, 0x00000000c7000000, 0x00000000c7100000|  0%| F|  |TAMS 0x00000000c7000000| PB 0x00000000c7000000| Untracked 
|  65|0x00000000c7100000, 0x00000000c7100000, 0x00000000c7200000|  0%| F|  |TAMS 0x00000000c7100000| PB 0x00000000c7100000| Untracked 
|  66|0x00000000c7200000, 0x00000000c7200000, 0x00000000c7300000|  0%| F|  |TAMS 0x00000000c7200000| PB 0x00000000c7200000| Untracked 
|  67|0x00000000c7300000, 0x00000000c7300000, 0x00000000c7400000|  0%| F|  |TAMS 0x00000000c7300000| PB 0x00000000c7300000| Untracked 
|  68|0x00000000c7400000, 0x00000000c7400000, 0x00000000c7500000|  0%| F|  |TAMS 0x00000000c7400000| PB 0x00000000c7400000| Untracked 
|  69|0x00000000c7500000, 0x00000000c7500000, 0x00000000c7600000|  0%| F|  |TAMS 0x00000000c7500000| PB 0x00000000c7500000| Untracked 
|  70|0x00000000c7600000, 0x00000000c7600000, 0x00000000c7700000|  0%| F|  |TAMS 0x00000000c7600000| PB 0x00000000c7600000| Untracked 
|  71|0x00000000c7700000, 0x00000000c7700000, 0x00000000c7800000|  0%| F|  |TAMS 0x00000000c7700000| PB 0x00000000c7700000| Untracked 
|  72|0x00000000c7800000, 0x00000000c7800000, 0x00000000c7900000|  0%| F|  |TAMS 0x00000000c7800000| PB 0x00000000c7800000| Untracked 
|  73|0x00000000c7900000, 0x00000000c7900000, 0x00000000c7a00000|  0%| F|  |TAMS 0x00000000c7900000| PB 0x00000000c7900000| Untracked 
|  74|0x00000000c7a00000, 0x00000000c7a00000, 0x00000000c7b00000|  0%| F|  |TAMS 0x00000000c7a00000| PB 0x00000000c7a00000| Untracked 
|  75|0x00000000c7b00000, 0x00000000c7b00000, 0x00000000c7c00000|  0%| F|  |TAMS 0x00000000c7b00000| PB 0x00000000c7b00000| Untracked 
|  76|0x00000000c7c00000, 0x00000000c7c752d0, 0x00000000c7d00000| 45%| E|  |TAMS 0x00000000c7c00000| PB 0x00000000c7c00000| Complete 
|  77|0x00000000c7d00000, 0x00000000c7e00000, 0x00000000c7e00000|100%| E|CS|TAMS 0x00000000c7d00000| PB 0x00000000c7d00000| Complete 
|  78|0x00000000c7e00000, 0x00000000c7f00000, 0x00000000c7f00000|100%| E|CS|TAMS 0x00000000c7e00000| PB 0x00000000c7e00000| Complete 
|  79|0x00000000c7f00000, 0x00000000c8000000, 0x00000000c8000000|100%| E|CS|TAMS 0x00000000c7f00000| PB 0x00000000c7f00000| Complete 
|  80|0x00000000c8000000, 0x00000000c8100000, 0x00000000c8100000|100%| E|CS|TAMS 0x00000000c8000000| PB 0x00000000c8000000| Complete 
|  81|0x00000000c8100000, 0x00000000c8200000, 0x00000000c8200000|100%| E|CS|TAMS 0x00000000c8100000| PB 0x00000000c8100000| Complete 
| 971|0x00000000ffb00000, 0x00000000ffc00000, 0x00000000ffc00000|100%| E|CS|TAMS 0x00000000ffb00000| PB 0x00000000ffb00000| Complete 
| 972|0x00000000ffc00000, 0x00000000ffd00000, 0x00000000ffd00000|100%| O|  |TAMS 0x00000000ffc00000| PB 0x00000000ffc00000| Untracked 
| 973|0x00000000ffd00000, 0x00000000ffe00000, 0x00000000ffe00000|100%| O|  |TAMS 0x00000000ffd00000| PB 0x00000000ffd00000| Untracked 
| 974|0x00000000ffe00000, 0x00000000fff00000, 0x00000000fff00000|100%| E|CS|TAMS 0x00000000ffe00000| PB 0x00000000ffe00000| Complete 
| 975|0x00000000fff00000, 0x0000000100000000, 0x0000000100000000|100%| O|  |TAMS 0x00000000fff00000| PB 0x00000000fff00000| Untracked 

Card table byte_map: [0x000002841cb00000,0x000002841ccf0000] _byte_map_base: 0x000002841c4e8000

Marking Bits: (CMBitMap*) 0x000002840a7f1e80
 Bits: [0x000002841ccf0000, 0x000002841dc30000)

Polling page: 0x0000028408800000

Metaspace:

Usage:
  Non-class:     56.23 MB used.
      Class:      7.08 MB used.
       Both:     63.31 MB used.

Virtual space:
  Non-class space:       64.00 MB reserved,      56.56 MB ( 88%) committed,  1 nodes.
      Class space:        1.00 GB reserved,       7.44 MB ( <1%) committed,  1 nodes.
             Both:        1.06 GB reserved,      64.00 MB (  6%) committed. 

Chunk freelists:
   Non-Class:  6.81 MB
       Class:  8.59 MB
        Both:  15.41 MB

MaxMetaspaceSize: unlimited
CompressedClassSpaceSize: 1.00 GB
Initial GC threshold: 21.00 MB
Current GC threshold: 101.69 MB
CDS: off
 - commit_granule_bytes: 65536.
 - commit_granule_words: 8192.
 - virtual_space_node_default_size: 8388608.
 - enlarge_chunks_in_place: 1.
 - use_allocation_guard: 0.


Internal statistics:

num_allocs_failed_limit: 6.
num_arena_births: 1272.
num_arena_deaths: 0.
num_vsnodes_births: 2.
num_vsnodes_deaths: 0.
num_space_committed: 1022.
num_space_uncommitted: 0.
num_chunks_returned_to_freelist: 6.
num_chunks_taken_from_freelist: 3456.
num_chunk_merges: 6.
num_chunk_splits: 2616.
num_chunks_enlarged: 2031.
num_inconsistent_stats: 0.

CodeHeap 'non-profiled nmethods': size=120000Kb used=4281Kb max_used=4281Kb free=115718Kb
 bounds [0x00000284153e0000, 0x0000028415810000, 0x000002841c910000]
CodeHeap 'profiled nmethods': size=120000Kb used=26614Kb max_used=26614Kb free=93385Kb
 bounds [0x000002840d910000, 0x000002840f310000, 0x0000028414e40000]
CodeHeap 'non-nmethods': size=5760Kb used=1566Kb max_used=1620Kb free=4193Kb
 bounds [0x0000028414e40000, 0x00000284150b0000, 0x00000284153e0000]
 total_blobs=10095 nmethods=9462 adapters=535
 compilation: enabled
              stopped_count=0, restarted_count=0
 full_count=0

Compilation events (20 events):
Event: 34.837 Thread 0x00000284202ab150 nmethod 10643 0x000002841580e490 code [0x000002841580e620, 0x000002841580e6d0]
Event: 34.837 Thread 0x00000284202ab150 10648       2       org.jetbrains.kotlin.cfg.pseudocode.PseudocodeImpl$processInstruction$1::visitInstructionWithNext (22 bytes)
Event: 34.839 Thread 0x00000284202ab150 nmethod 10648 0x000002840f30ab90 code [0x000002840f30ada0, 0x000002840f30b1a8]
Event: 34.839 Thread 0x00000284202ab150 10649       2       org.jetbrains.kotlin.cfg.pseudocode.instructions.special.VariableDeclarationInstruction::getVariableDeclarationElement (14 bytes)
Event: 34.857 Thread 0x00000284202ab150 nmethod 10649 0x000002840f30b490 code [0x000002840f30b660, 0x000002840f30b948]
Event: 34.857 Thread 0x00000284202ab150 10650       2       kotlin.collections.CollectionsKt___CollectionsKt::toCollection (49 bytes)
Event: 34.858 Thread 0x00000284202ab150 nmethod 10650 0x000002840f30bb10 code [0x000002840f30bd80, 0x000002840f30c2a8]
Event: 34.858 Thread 0x00000284202ab150 10652       2       org.jetbrains.kotlin.com.intellij.util.SmartFMap::isEmpty (13 bytes)
Event: 34.858 Thread 0x00000284202ab150 nmethod 10652 0x000002840f30c610 code [0x000002840f30c7c0, 0x000002840f30c9f0]
Event: 34.858 Thread 0x00000284202ab150 10653       2       org.jetbrains.kotlin.com.intellij.util.SmartFMap::size (31 bytes)
Event: 34.859 Thread 0x00000284202ab150 nmethod 10653 0x000002840f30cb10 code [0x000002840f30cce0, 0x000002840f30cf20]
Event: 34.859 Thread 0x00000284202ab150 10651       2       org.jetbrains.kotlin.psi.KtBlockExpression::getStatements (19 bytes)
Event: 34.860 Thread 0x00000284202ab150 nmethod 10651 0x000002840f30d010 code [0x000002840f30d1e0, 0x000002840f30d490]
Event: 34.860 Thread 0x00000284202ab150 10654       2       org.jetbrains.kotlin.cfg.ControlFlowProcessor$CFPVisitor::generateInstructions (21 bytes)
Event: 34.860 Thread 0x00000284202ab150 nmethod 10654 0x000002840f30d610 code [0x000002840f30d7c0, 0x000002840f30d960]
Event: 34.860 Thread 0x00000284202ab150 10655       2       java.util.Stack::push (7 bytes)
Event: 34.861 Thread 0x00000284202ab150 nmethod 10655 0x000002840f30da10 code [0x000002840f30dbc0, 0x000002840f30df28]
Event: 34.861 Thread 0x00000284202ab150 10656       2       org.jetbrains.kotlin.cfg.pseudocode.ControlFlowInstructionsGenerator$ControlFlowInstructionsGeneratorWorker::bindLabel (19 bytes)
Event: 34.862 Thread 0x00000284202ab150 nmethod 10656 0x000002840f30e190 code [0x000002840f30e380, 0x000002840f30e6a0]
Event: 34.862 Thread 0x00000284202ab150 10658       2       java.util.Collections$UnmodifiableSet::<init> (6 bytes)

GC Heap History (20 events):
Event: 18.046 GC heap before
{Heap before GC invocations=14 (full 0):
 garbage-first heap   total 57344K, used 50060K [0x00000000c3000000, 0x0000000100000000)
  region size 1024K, 19 young (19456K), 3 survivors (3072K)
 Metaspace       used 55105K, committed 55808K, reserved 1114112K
  class space    used 6481K, committed 6848K, reserved 1048576K
}
Event: 18.066 GC heap after
{Heap after GC invocations=15 (full 0):
 garbage-first heap   total 57344K, used 34540K [0x00000000c3000000, 0x0000000100000000)
  region size 1024K, 3 young (3072K), 3 survivors (3072K)
 Metaspace       used 55105K, committed 55808K, reserved 1114112K
  class space    used 6481K, committed 6848K, reserved 1048576K
}
Event: 19.325 GC heap before
{Heap before GC invocations=15 (full 0):
 garbage-first heap   total 57344K, used 48876K [0x00000000c3000000, 0x0000000100000000)
  region size 1024K, 17 young (17408K), 3 survivors (3072K)
 Metaspace       used 55895K, committed 56640K, reserved 1114112K
  class space    used 6513K, committed 6848K, reserved 1048576K
}
Event: 19.344 GC heap after
{Heap after GC invocations=16 (full 0):
 garbage-first heap   total 57344K, used 36955K [0x00000000c3000000, 0x0000000100000000)
  region size 1024K, 3 young (3072K), 3 survivors (3072K)
 Metaspace       used 55895K, committed 56640K, reserved 1114112K
  class space    used 6513K, committed 6848K, reserved 1048576K
}
Event: 21.261 GC heap before
{Heap before GC invocations=17 (full 0):
 garbage-first heap   total 63488K, used 49243K [0x00000000c3000000, 0x0000000100000000)
  region size 1024K, 15 young (15360K), 3 survivors (3072K)
 Metaspace       used 57362K, committed 58112K, reserved 1114112K
  class space    used 6674K, committed 7040K, reserved 1048576K
}
Event: 21.277 GC heap after
{Heap after GC invocations=18 (full 0):
 garbage-first heap   total 63488K, used 39207K [0x00000000c3000000, 0x0000000100000000)
  region size 1024K, 2 young (2048K), 2 survivors (2048K)
 Metaspace       used 57362K, committed 58112K, reserved 1114112K
  class space    used 6674K, committed 7040K, reserved 1048576K
}
Event: 22.285 GC heap before
{Heap before GC invocations=18 (full 0):
 garbage-first heap   total 63488K, used 54567K [0x00000000c3000000, 0x0000000100000000)
  region size 1024K, 17 young (17408K), 2 survivors (2048K)
 Metaspace       used 57762K, committed 58496K, reserved 1114112K
  class space    used 6699K, committed 7040K, reserved 1048576K
}
Event: 22.310 GC heap after
{Heap after GC invocations=19 (full 0):
 garbage-first heap   total 63488K, used 40936K [0x00000000c3000000, 0x0000000100000000)
  region size 1024K, 3 young (3072K), 3 survivors (3072K)
 Metaspace       used 57762K, committed 58496K, reserved 1114112K
  class space    used 6699K, committed 7040K, reserved 1048576K
}
Event: 23.493 GC heap before
{Heap before GC invocations=19 (full 0):
 garbage-first heap   total 63488K, used 56296K [0x00000000c3000000, 0x0000000100000000)
  region size 1024K, 18 young (18432K), 3 survivors (3072K)
 Metaspace       used 57844K, committed 58560K, reserved 1114112K
  class space    used 6699K, committed 7040K, reserved 1048576K
}
Event: 23.514 GC heap after
{Heap after GC invocations=20 (full 0):
 garbage-first heap   total 63488K, used 43788K [0x00000000c3000000, 0x0000000100000000)
  region size 1024K, 3 young (3072K), 3 survivors (3072K)
 Metaspace       used 57844K, committed 58560K, reserved 1114112K
  class space    used 6699K, committed 7040K, reserved 1048576K
}
Event: 24.163 GC heap before
{Heap before GC invocations=21 (full 0):
 garbage-first heap   total 73728K, used 55052K [0x00000000c3000000, 0x0000000100000000)
  region size 1024K, 14 young (14336K), 3 survivors (3072K)
 Metaspace       used 58118K, committed 58880K, reserved 1114112K
  class space    used 6727K, committed 7104K, reserved 1048576K
}
Event: 24.182 GC heap after
{Heap after GC invocations=22 (full 0):
 garbage-first heap   total 73728K, used 45589K [0x00000000c3000000, 0x0000000100000000)
  region size 1024K, 2 young (2048K), 2 survivors (2048K)
 Metaspace       used 58118K, committed 58880K, reserved 1114112K
  class space    used 6727K, committed 7104K, reserved 1048576K
}
Event: 25.283 GC heap before
{Heap before GC invocations=22 (full 0):
 garbage-first heap   total 73728K, used 62997K [0x00000000c3000000, 0x0000000100000000)
  region size 1024K, 20 young (20480K), 2 survivors (2048K)
 Metaspace       used 59715K, committed 60544K, reserved 1114112K
  class space    used 6914K, committed 7296K, reserved 1048576K
}
Event: 25.300 GC heap after
{Heap after GC invocations=23 (full 0):
 garbage-first heap   total 89088K, used 47376K [0x00000000c3000000, 0x0000000100000000)
  region size 1024K, 2 young (2048K), 2 survivors (2048K)
 Metaspace       used 59715K, committed 60544K, reserved 1114112K
  class space    used 6914K, committed 7296K, reserved 1048576K
}
Event: 28.871 GC heap before
{Heap before GC invocations=23 (full 0):
 garbage-first heap   total 89088K, used 77072K [0x00000000c3000000, 0x0000000100000000)
  region size 1024K, 30 young (30720K), 2 survivors (2048K)
 Metaspace       used 61605K, committed 62336K, reserved 1114112K
  class space    used 7011K, committed 7360K, reserved 1048576K
}
Event: 28.894 GC heap after
{Heap after GC invocations=24 (full 0):
 garbage-first heap   total 89088K, used 51465K [0x00000000c3000000, 0x0000000100000000)
  region size 1024K, 4 young (4096K), 4 survivors (4096K)
 Metaspace       used 61605K, committed 62336K, reserved 1114112K
  class space    used 7011K, committed 7360K, reserved 1048576K
}
Event: 32.140 GC heap before
{Heap before GC invocations=25 (full 0):
 garbage-first heap   total 89088K, used 77065K [0x00000000c3000000, 0x0000000100000000)
  region size 1024K, 29 young (29696K), 4 survivors (4096K)
 Metaspace       used 63742K, committed 64512K, reserved 1114112K
  class space    used 7159K, committed 7488K, reserved 1048576K
}
Event: 32.166 GC heap after
{Heap after GC invocations=26 (full 0):
 garbage-first heap   total 89088K, used 55718K [0x00000000c3000000, 0x0000000100000000)
  region size 1024K, 4 young (4096K), 4 survivors (4096K)
 Metaspace       used 63742K, committed 64512K, reserved 1114112K
  class space    used 7159K, committed 7488K, reserved 1048576K
}
Event: 33.882 GC heap before
{Heap before GC invocations=26 (full 0):
 garbage-first heap   total 89088K, used 77222K [0x00000000c3000000, 0x0000000100000000)
  region size 1024K, 26 young (26624K), 4 survivors (4096K)
 Metaspace       used 64290K, committed 65024K, reserved 1114112K
  class space    used 7191K, committed 7552K, reserved 1048576K
}
Event: 33.905 GC heap after
{Heap after GC invocations=27 (full 0):
 garbage-first heap   total 89088K, used 58352K [0x00000000c3000000, 0x0000000100000000)
  region size 1024K, 3 young (3072K), 3 survivors (3072K)
 Metaspace       used 64290K, committed 65024K, reserved 1114112K
  class space    used 7191K, committed 7552K, reserved 1048576K
}

Dll operation events (3 events):
Event: 0.033 Loaded shared library C:\Program Files\Android\Android Studio\jbr\bin\java.dll
Event: 0.049 Loaded shared library C:\Program Files\Android\Android Studio\jbr\bin\zip.dll
Event: 5.989 Loaded shared library C:\Program Files\Android\Android Studio\jbr\bin\verify.dll

Deoptimization events (20 events):
Event: 34.771 Thread 0x00000284084bcd20 Uncommon trap: trap_request=0xffffffde fr.pc=0x000002841578ac90 relative=0x00000000000001b0
Event: 34.771 Thread 0x00000284084bcd20 Uncommon trap: reason=class_check action=maybe_recompile pc=0x000002841578ac90 method=org.jetbrains.kotlin.com.intellij.lexer.FlexAdapter.locateToken()V @ 29 c2
Event: 34.771 Thread 0x00000284084bcd20 DEOPT PACKING pc=0x000002841578ac90 sp=0x000000d7c36fde50
Event: 34.771 Thread 0x00000284084bcd20 DEOPT UNPACKING pc=0x0000028414e9469c sp=0x000000d7c36fddb0 mode 2
Event: 34.771 Thread 0x00000284084bcd20 Uncommon trap: trap_request=0xffffffde fr.pc=0x000002841554a774 relative=0x0000000000000194
Event: 34.771 Thread 0x00000284084bcd20 Uncommon trap: reason=class_check action=maybe_recompile pc=0x000002841554a774 method=org.jetbrains.kotlin.com.intellij.lexer.FlexAdapter.locateToken()V @ 29 c2
Event: 34.771 Thread 0x00000284084bcd20 DEOPT PACKING pc=0x000002841554a774 sp=0x000000d7c36fdd80
Event: 34.771 Thread 0x00000284084bcd20 DEOPT UNPACKING pc=0x0000028414e9469c sp=0x000000d7c36fdd30 mode 2
Event: 34.771 Thread 0x00000284084bcd20 Uncommon trap: trap_request=0xffffffde fr.pc=0x000002841578b508 relative=0x00000000000001a8
Event: 34.771 Thread 0x00000284084bcd20 Uncommon trap: reason=class_check action=maybe_recompile pc=0x000002841578b508 method=org.jetbrains.kotlin.com.intellij.lexer.FlexAdapter.locateToken()V @ 29 c2
Event: 34.771 Thread 0x00000284084bcd20 DEOPT PACKING pc=0x000002841578b508 sp=0x000000d7c36fde50
Event: 34.771 Thread 0x00000284084bcd20 DEOPT UNPACKING pc=0x0000028414e9469c sp=0x000000d7c36fddb0 mode 2
Event: 34.811 Thread 0x00000284084bcd20 Uncommon trap: trap_request=0xffffffde fr.pc=0x000002841566ba98 relative=0x0000000000000618
Event: 34.811 Thread 0x00000284084bcd20 Uncommon trap: reason=class_check action=maybe_recompile pc=0x000002841566ba98 method=org.jetbrains.kotlin.com.intellij.psi.impl.source.tree.CompositeElement.getPsi()Lorg/jetbrains/kotlin/com/intellij/psi/PsiElement; @ 15 c2
Event: 34.811 Thread 0x00000284084bcd20 DEOPT PACKING pc=0x000002841566ba98 sp=0x000000d7c36fe360
Event: 34.811 Thread 0x00000284084bcd20 DEOPT UNPACKING pc=0x0000028414e9469c sp=0x000000d7c36fe330 mode 2
Event: 34.818 Thread 0x00000284084bcd20 Uncommon trap: trap_request=0xffffffde fr.pc=0x000002841566ba98 relative=0x0000000000000618
Event: 34.818 Thread 0x00000284084bcd20 Uncommon trap: reason=class_check action=maybe_recompile pc=0x000002841566ba98 method=org.jetbrains.kotlin.com.intellij.psi.impl.source.tree.CompositeElement.getPsi()Lorg/jetbrains/kotlin/com/intellij/psi/PsiElement; @ 15 c2
Event: 34.818 Thread 0x00000284084bcd20 DEOPT PACKING pc=0x000002841566ba98 sp=0x000000d7c36fe360
Event: 34.818 Thread 0x00000284084bcd20 DEOPT UNPACKING pc=0x0000028414e9469c sp=0x000000d7c36fe330 mode 2

Classes loaded (20 events):
Event: 15.826 Loading class java/util/stream/Sink$OfInt
Event: 15.826 Loading class java/util/function/IntConsumer
Event: 15.826 Loading class java/util/function/IntConsumer done
Event: 15.826 Loading class java/util/stream/Sink$OfInt done
Event: 15.826 Loading class java/util/stream/Sink$ChainedInt done
Event: 15.826 Loading class java/util/stream/IntPipeline$1$1 done
Event: 16.909 Loading class java/util/Collections$SingletonMap
Event: 16.909 Loading class java/util/Collections$SingletonMap done
Event: 18.191 Loading class java/util/RegularEnumSet$EnumSetIterator
Event: 18.192 Loading class java/util/RegularEnumSet$EnumSetIterator done
Event: 20.484 Loading class java/security/CodeSigner
Event: 20.491 Loading class java/security/CodeSigner done
Event: 21.357 Loading class java/util/regex/Pattern$Bound
Event: 21.357 Loading class java/util/regex/Pattern$Bound done
Event: 21.357 Loading class java/util/regex/Pattern$LookBehindEndNode
Event: 21.357 Loading class java/util/regex/Pattern$LookBehindEndNode done
Event: 21.358 Loading class java/util/regex/Pattern$NotBehind
Event: 21.358 Loading class java/util/regex/Pattern$NotBehind done
Event: 32.484 Loading class java/util/Collections$CopiesList
Event: 32.490 Loading class java/util/Collections$CopiesList done

Classes unloaded (0 events):
No events

Classes redefined (0 events):
No events

Internal exceptions (20 events):
Event: 12.983 Thread 0x00000284084bcd20 Exception <a 'java/lang/NoSuchMethodError'{0x00000000c564dd70}: 'java.lang.Object java.lang.invoke.DirectMethodHandle$Holder.invokeSpecial(java.lang.Object, java.lang.Object, java.lang.Object, java.lang.Object, java.lang.Object, java.lang.Object, java.lang.Object, java.lang.Object, java.lang.Object, java.lang.Object, java.lang.Object, java.lang.Object, java.lang.Object, java.lang.Object, java.lang.Object, java.lang.Object, java.lang.Object, java.lang.Object, java.lang.Object, java.lang.Object, java.lang.Ob
Event: 12.984 Thread 0x00000284084bcd20 Exception <a 'java/lang/NoSuchMethodError'{0x00000000c56534e8}: 'java.lang.Object java.lang.invoke.DelegatingMethodHandle$Holder.reinvoke_L(java.lang.Object, java.lang.Object, java.lang.Object, java.lang.Object, java.lang.Object, java.lang.Object, java.lang.Object, java.lang.Object, java.lang.Object, java.lang.Object, java.lang.Object, java.lang.Object, java.lang.Object, java.lang.Object, java.lang.Object, java.lang.Object, java.lang.Object, java.lang.Object, java.lang.Object, java.lang.Object, java.lang.O
Event: 13.005 Thread 0x00000284084bcd20 Exception <a 'java/lang/NoSuchMethodError'{0x00000000c5521d20}: 'java.lang.Object java.lang.invoke.DirectMethodHandle$Holder.invokeStatic(java.lang.Object, java.lang.Object, java.lang.Object, java.lang.Object, java.lang.Object, java.lang.Object, java.lang.Object, java.lang.Object, java.lang.Object, java.lang.Object, java.lang.Object, java.lang.Object, java.lang.Object, java.lang.Object, java.lang.Object, java.lang.Object, java.lang.Object, java.lang.Object, java.lang.Object, java.lang.Object, java.lang.Obj
Event: 13.011 Thread 0x00000284084bcd20 Exception <a 'java/lang/NoSuchMethodError'{0x00000000c5554330}: 'java.lang.Object java.lang.invoke.DirectMethodHandle$Holder.invokeStatic(java.lang.Object, java.lang.Object, java.lang.Object, java.lang.Object, java.lang.Object, java.lang.Object, java.lang.Object, java.lang.Object, java.lang.Object, java.lang.Object, java.lang.Object, java.lang.Object, java.lang.Object, java.lang.Object, java.lang.Object, java.lang.Object, java.lang.Object, java.lang.Object, java.lang.Object, java.lang.Object, java.lang.Obj
Event: 13.039 Thread 0x00000284084bcd20 Exception <a 'java/lang/NoSuchMethodError'{0x00000000c55b75f0}: 'java.lang.Object java.lang.invoke.DirectMethodHandle$Holder.newInvokeSpecial(java.lang.Object, java.lang.Object, java.lang.Object, java.lang.Object, java.lang.Object, java.lang.Object, java.lang.Object, java.lang.Object, java.lang.Object, java.lang.Object, java.lang.Object, java.lang.Object, java.lang.Object)'> (0x00000000c55b75f0) 
thrown [s\src\hotspot\share\interpreter\linkResolver.cpp, line 784]
Event: 13.043 Thread 0x00000284084bcd20 Exception <a 'java/lang/NoSuchMethodError'{0x00000000c55bc600}: 'java.lang.Object java.lang.invoke.DirectMethodHandle$Holder.invokeSpecial(java.lang.Object, java.lang.Object, java.lang.Object, java.lang.Object, java.lang.Object, java.lang.Object, java.lang.Object, java.lang.Object, java.lang.Object, java.lang.Object, java.lang.Object, java.lang.Object, java.lang.Object, java.lang.Object)'> (0x00000000c55bc600) 
thrown [s\src\hotspot\share\interpreter\linkResolver.cpp, line 784]
Event: 13.046 Thread 0x00000284084bcd20 Exception <a 'java/lang/NoSuchMethodError'{0x00000000c55c0b50}: 'java.lang.Object java.lang.invoke.DelegatingMethodHandle$Holder.reinvoke_L(java.lang.Object, java.lang.Object, java.lang.Object, java.lang.Object, java.lang.Object, java.lang.Object, java.lang.Object, java.lang.Object, java.lang.Object, java.lang.Object, java.lang.Object, java.lang.Object, java.lang.Object)'> (0x00000000c55c0b50) 
thrown [s\src\hotspot\share\interpreter\linkResolver.cpp, line 784]
Event: 13.537 Thread 0x00000284084bcd20 Exception <a 'java/lang/NoSuchMethodError'{0x00000000c4e9f078}: 'java.lang.Object java.lang.invoke.DirectMethodHandle$Holder.newInvokeSpecial(java.lang.Object, java.lang.Object, int)'> (0x00000000c4e9f078) 
thrown [s\src\hotspot\share\interpreter\linkResolver.cpp, line 784]
Event: 14.118 Thread 0x00000284084bcd20 Exception <a 'java/lang/NoSuchMethodError'{0x00000000c4ab8940}: 'java.lang.Object java.lang.invoke.DirectMethodHandle$Holder.newInvokeSpecial(java.lang.Object, java.lang.Object, java.lang.Object, int)'> (0x00000000c4ab8940) 
thrown [s\src\hotspot\share\interpreter\linkResolver.cpp, line 784]
Event: 14.119 Thread 0x00000284084bcd20 Exception <a 'java/lang/NoSuchMethodError'{0x00000000c4abcac0}: 'java.lang.Object java.lang.invoke.DirectMethodHandle$Holder.invokeSpecial(java.lang.Object, java.lang.Object, java.lang.Object, java.lang.Object, int)'> (0x00000000c4abcac0) 
thrown [s\src\hotspot\share\interpreter\linkResolver.cpp, line 784]
Event: 14.120 Thread 0x00000284084bcd20 Exception <a 'java/lang/NoSuchMethodError'{0x00000000c4ac0208}: 'java.lang.Object java.lang.invoke.Invokers$Holder.linkToTargetMethod(java.lang.Object, java.lang.Object, int, java.lang.Object)'> (0x00000000c4ac0208) 
thrown [s\src\hotspot\share\interpreter\linkResolver.cpp, line 784]
Event: 17.829 Thread 0x00000284084bcd20 Exception <a 'java/lang/NoSuchMethodError'{0x00000000c597a6e0}: 'java.lang.Object java.lang.invoke.DirectMethodHandle$Holder.newInvokeSpecial(java.lang.Object, int, java.lang.Object)'> (0x00000000c597a6e0) 
thrown [s\src\hotspot\share\interpreter\linkResolver.cpp, line 784]
Event: 18.186 Thread 0x00000284084bcd20 Exception <a 'java/lang/NoSuchMethodError'{0x00000000c5fd13f0}: 'java.lang.Object java.lang.invoke.DirectMethodHandle$Holder.invokeSpecial(java.lang.Object, java.lang.Object, java.lang.Object, java.lang.Object, java.lang.Object, java.lang.Object, int)'> (0x00000000c5fd13f0) 
thrown [s\src\hotspot\share\interpreter\linkResolver.cpp, line 784]
Event: 18.334 Thread 0x00000284084bcd20 Exception <a 'java/lang/NoSuchMethodError'{0x00000000c5d525f8}: 'java.lang.Object java.lang.invoke.DirectMethodHandle$Holder.invokeStaticInit(java.lang.Object, java.lang.Object, java.lang.Object)'> (0x00000000c5d525f8) 
thrown [s\src\hotspot\share\interpreter\linkResolver.cpp, line 784]
Event: 20.549 Thread 0x00000284084bcd20 Exception <a 'java/lang/NoSuchMethodError'{0x00000000c633f830}: 'int java.lang.invoke.DirectMethodHandle$Holder.invokeStaticInit(java.lang.Object, int)'> (0x00000000c633f830) 
thrown [s\src\hotspot\share\interpreter\linkResolver.cpp, line 784]
Event: 21.009 Thread 0x00000284084bcd20 Exception <a 'java/lang/NoSuchMethodError'{0x00000000c5f45d88}: 'java.lang.Object java.lang.invoke.DirectMethodHandle$Holder.newInvokeSpecial(java.lang.Object, int, java.lang.Object, java.lang.Object)'> (0x00000000c5f45d88) 
thrown [s\src\hotspot\share\interpreter\linkResolver.cpp, line 784]
Event: 24.201 Thread 0x00000284084bcd20 Implicit null exception at 0x0000028415542be3 to 0x0000028415542c75
Event: 24.997 Thread 0x00000284084bcd20 Exception <a 'java/lang/NoSuchMethodError'{0x00000000c64a9818}: 'java.lang.Object java.lang.invoke.DirectMethodHandle$Holder.invokeInterface(java.lang.Object, java.lang.Object, java.lang.Object)'> (0x00000000c64a9818) 
thrown [s\src\hotspot\share\interpreter\linkResolver.cpp, line 784]
Event: 24.997 Thread 0x00000284084bcd20 Exception <a 'java/lang/IncompatibleClassChangeError'{0x00000000c64acec0}: Found class java.lang.Object, but interface was expected> (0x00000000c64acec0) 
thrown [s\src\hotspot\share\interpreter\linkResolver.cpp, line 851]
Event: 29.482 Thread 0x00000284084bcd20 Exception <a 'java/lang/NoSuchMethodError'{0x00000000ffba64b0}: 'java.lang.Object java.lang.invoke.DirectMethodHandle$Holder.invokeStatic(java.lang.Object, int, java.lang.Object)'> (0x00000000ffba64b0) 
thrown [s\src\hotspot\share\interpreter\linkResolver.cpp, line 784]

ZGC Phase Switch (0 events):
No events

VM Operations (20 events):
Event: 31.714 Executing VM operation: ICBufferFull
Event: 31.714 Executing VM operation: ICBufferFull done
Event: 32.140 Executing VM operation: G1CollectForAllocation (G1 Evacuation Pause)
Event: 32.167 Executing VM operation: G1CollectForAllocation (G1 Evacuation Pause) done
Event: 32.448 Executing VM operation: HandshakeAllThreads (Deoptimize)
Event: 32.448 Executing VM operation: HandshakeAllThreads (Deoptimize) done
Event: 32.466 Executing VM operation: HandshakeAllThreads (Deoptimize)
Event: 32.466 Executing VM operation: HandshakeAllThreads (Deoptimize) done
Event: 32.657 Executing VM operation: ICBufferFull
Event: 32.657 Executing VM operation: ICBufferFull done
Event: 33.401 Executing VM operation: ICBufferFull
Event: 33.401 Executing VM operation: ICBufferFull done
Event: 33.815 Executing VM operation: ICBufferFull
Event: 33.815 Executing VM operation: ICBufferFull done
Event: 33.882 Executing VM operation: G1CollectForAllocation (G1 Evacuation Pause)
Event: 33.905 Executing VM operation: G1CollectForAllocation (G1 Evacuation Pause) done
Event: 34.253 Executing VM operation: ICBufferFull
Event: 34.253 Executing VM operation: ICBufferFull done
Event: 34.809 Executing VM operation: ICBufferFull
Event: 34.809 Executing VM operation: ICBufferFull done

Memory protections (0 events):
No events

Nmethod flushes (20 events):
Event: 29.107 Thread 0x000002840a87d170 flushing  nmethod 0x000002840e373f10
Event: 29.107 Thread 0x000002840a87d170 flushing  nmethod 0x000002840e381490
Event: 29.107 Thread 0x000002840a87d170 flushing  nmethod 0x000002840e382690
Event: 29.107 Thread 0x000002840a87d170 flushing  nmethod 0x000002840e383290
Event: 29.107 Thread 0x000002840a87d170 flushing  nmethod 0x000002840e387690
Event: 29.107 Thread 0x000002840a87d170 flushing  nmethod 0x000002840e387a10
Event: 29.107 Thread 0x000002840a87d170 flushing  nmethod 0x000002840e387e10
Event: 29.107 Thread 0x000002840a87d170 flushing  nmethod 0x000002840e389390
Event: 29.107 Thread 0x000002840a87d170 flushing  nmethod 0x000002840e389790
Event: 29.107 Thread 0x000002840a87d170 flushing  nmethod 0x000002840e38a110
Event: 29.107 Thread 0x000002840a87d170 flushing  nmethod 0x000002840e38a510
Event: 29.107 Thread 0x000002840a87d170 flushing  nmethod 0x000002840e38d910
Event: 29.107 Thread 0x000002840a87d170 flushing  nmethod 0x000002840e39d110
Event: 29.107 Thread 0x000002840a87d170 flushing  nmethod 0x000002840e40b390
Event: 29.107 Thread 0x000002840a87d170 flushing  nmethod 0x000002840e4bbb10
Event: 29.107 Thread 0x000002840a87d170 flushing  nmethod 0x000002840e4bdf90
Event: 29.107 Thread 0x000002840a87d170 flushing  nmethod 0x000002840e4c1a90
Event: 29.107 Thread 0x000002840a87d170 flushing  nmethod 0x000002840e4df410
Event: 29.107 Thread 0x000002840a87d170 flushing  nmethod 0x000002840e56ec10
Event: 29.107 Thread 0x000002840a87d170 flushing  nmethod 0x000002840e691190

Events (17 events):
Event: 0.046 Thread 0x00000284084bcd20 Thread added: 0x00000284084bcd20
Event: 0.185 Thread 0x00000284084bcd20 Thread added: 0x00000284202a05a0
Event: 0.185 Thread 0x00000284084bcd20 Thread added: 0x00000284201448e0
Event: 0.188 Thread 0x00000284084bcd20 Thread added: 0x00000284201526c0
Event: 0.188 Thread 0x00000284084bcd20 Thread added: 0x0000028420153110
Event: 0.189 Thread 0x00000284084bcd20 Thread added: 0x0000028420154300
Event: 0.189 Thread 0x00000284084bcd20 Thread added: 0x0000028420154e80
Event: 0.189 Thread 0x00000284084bcd20 Thread added: 0x000002842015c180
Event: 0.189 Thread 0x00000284084bcd20 Thread added: 0x00000284202ab150
Event: 0.346 Thread 0x00000284084bcd20 Thread added: 0x000002842042c970
Event: 0.360 Thread 0x00000284084bcd20 Thread added: 0x00000284204415c0
Event: 0.382 Loaded shared library C:\Program Files\Android\Android Studio\jbr\bin\net.dll
Event: 0.389 Loaded shared library C:\Program Files\Android\Android Studio\jbr\bin\nio.dll
Event: 0.455 Loaded shared library C:\Program Files\Android\Android Studio\jbr\bin\zip.dll
Event: 0.579 Loaded shared library C:\Program Files\Android\Android Studio\jbr\bin\jimage.dll
Event: 1.085 Thread 0x000002842015c180 Thread added: 0x00000284207de1d0
Event: 1.210 Thread 0x00000284207de1d0 Thread exited: 0x00000284207de1d0


Dynamic libraries:
0x00007ff6198c0000 - 0x00007ff6198ca000 	C:\Program Files\Android\Android Studio\jbr\bin\java.exe
0x00007ffdb8c50000 - 0x00007ffdb8e68000 	C:\WINDOWS\SYSTEM32\ntdll.dll
0x00007ffdb76e0000 - 0x00007ffdb77a4000 	C:\WINDOWS\System32\KERNEL32.DLL
0x00007ffdb62e0000 - 0x00007ffdb66b3000 	C:\WINDOWS\System32\KERNELBASE.dll
0x00007ffdb5f70000 - 0x00007ffdb6081000 	C:\WINDOWS\System32\ucrtbase.dll
0x00007ffdb0180000 - 0x00007ffdb0198000 	C:\Program Files\Android\Android Studio\jbr\bin\jli.dll
0x00007ffdac380000 - 0x00007ffdac39b000 	C:\Program Files\Android\Android Studio\jbr\bin\VCRUNTIME140.dll
0x00007ffdb6dd0000 - 0x00007ffdb6f82000 	C:\WINDOWS\System32\USER32.dll
0x00007ffdb62b0000 - 0x00007ffdb62d6000 	C:\WINDOWS\System32\win32u.dll
0x00007ffdb76b0000 - 0x00007ffdb76d9000 	C:\WINDOWS\System32\GDI32.dll
0x00007ffda2390000 - 0x00007ffda262c000 	C:\WINDOWS\WinSxS\amd64_microsoft.windows.common-controls_6595b64144ccf1df_6.0.22621.6060_none_2712eda17382d24b\COMCTL32.dll
0x00007ffdb5dc0000 - 0x00007ffdb5ee3000 	C:\WINDOWS\System32\gdi32full.dll
0x00007ffdb6d20000 - 0x00007ffdb6dc7000 	C:\WINDOWS\System32\msvcrt.dll
0x00007ffdb5d20000 - 0x00007ffdb5dba000 	C:\WINDOWS\System32\msvcp_win.dll
0x00007ffdb6b10000 - 0x00007ffdb6b41000 	C:\WINDOWS\System32\IMM32.DLL
0x00007ffdb0120000 - 0x00007ffdb012c000 	C:\Program Files\Android\Android Studio\jbr\bin\vcruntime140_1.dll
0x00007ffd941b0000 - 0x00007ffd9423d000 	C:\Program Files\Android\Android Studio\jbr\bin\msvcp140.dll
0x00007ffd27b30000 - 0x00007ffd287bb000 	C:\Program Files\Android\Android Studio\jbr\bin\server\jvm.dll
0x00007ffdb6f90000 - 0x00007ffdb7041000 	C:\WINDOWS\System32\ADVAPI32.dll
0x00007ffdb7060000 - 0x00007ffdb7108000 	C:\WINDOWS\System32\sechost.dll
0x00007ffdb6090000 - 0x00007ffdb60b8000 	C:\WINDOWS\System32\bcrypt.dll
0x00007ffdb8270000 - 0x00007ffdb8388000 	C:\WINDOWS\System32\RPCRT4.dll
0x00007ffdb6980000 - 0x00007ffdb69f1000 	C:\WINDOWS\System32\WS2_32.dll
0x00007ffdacb20000 - 0x00007ffdacb2a000 	C:\WINDOWS\SYSTEM32\VERSION.dll
0x00007ffdb5bf0000 - 0x00007ffdb5c3d000 	C:\WINDOWS\SYSTEM32\POWRPROF.dll
0x00007ffdae3d0000 - 0x00007ffdae404000 	C:\WINDOWS\SYSTEM32\WINMM.dll
0x00007ffdb5bd0000 - 0x00007ffdb5be3000 	C:\WINDOWS\SYSTEM32\UMPDC.dll
0x00007ffdb4c50000 - 0x00007ffdb4c68000 	C:\WINDOWS\SYSTEM32\kernel.appcore.dll
0x00007ffdaf1f0000 - 0x00007ffdaf1fa000 	C:\Program Files\Android\Android Studio\jbr\bin\jimage.dll
0x00007ffdb3800000 - 0x00007ffdb3a33000 	C:\WINDOWS\SYSTEM32\DBGHELP.DLL
0x00007ffdb72f0000 - 0x00007ffdb7682000 	C:\WINDOWS\System32\combase.dll
0x00007ffdb7210000 - 0x00007ffdb72e8000 	C:\WINDOWS\System32\OLEAUT32.dll
0x00007ffd98950000 - 0x00007ffd98982000 	C:\WINDOWS\SYSTEM32\dbgcore.DLL
0x00007ffdb5ef0000 - 0x00007ffdb5f6b000 	C:\WINDOWS\System32\bcryptPrimitives.dll
0x00007ffdac360000 - 0x00007ffdac380000 	C:\Program Files\Android\Android Studio\jbr\bin\java.dll
0x00007ffdaabd0000 - 0x00007ffdaabe8000 	C:\Program Files\Android\Android Studio\jbr\bin\zip.dll
0x00007ffdb79c0000 - 0x00007ffdb825e000 	C:\WINDOWS\System32\SHELL32.dll
0x00007ffdb66c0000 - 0x00007ffdb67ff000 	C:\WINDOWS\System32\wintypes.dll
0x00007ffdb3a40000 - 0x00007ffdb4358000 	C:\WINDOWS\SYSTEM32\windows.storage.dll
0x00007ffdb6a00000 - 0x00007ffdb6b04000 	C:\WINDOWS\System32\SHCORE.dll
0x00007ffdb71a0000 - 0x00007ffdb7209000 	C:\WINDOWS\System32\shlwapi.dll
0x00007ffdb5c50000 - 0x00007ffdb5c75000 	C:\WINDOWS\SYSTEM32\profapi.dll
0x00007ffdaea90000 - 0x00007ffdaeaa0000 	C:\Program Files\Android\Android Studio\jbr\bin\net.dll
0x00007ffdae410000 - 0x00007ffdae53c000 	C:\WINDOWS\SYSTEM32\WINHTTP.dll
0x00007ffdb5180000 - 0x00007ffdb51e9000 	C:\WINDOWS\system32\mswsock.dll
0x00007ffdaabb0000 - 0x00007ffdaabc6000 	C:\Program Files\Android\Android Studio\jbr\bin\nio.dll
0x00007ffdaa960000 - 0x00007ffdaa970000 	C:\Program Files\Android\Android Studio\jbr\bin\verify.dll

dbghelp: loaded successfully - version: 4.0.5 - missing functions: none
symbol engine: initialized successfully - sym options: 0x614 - pdb path: .;C:\Program Files\Android\Android Studio\jbr\bin;C:\WINDOWS\SYSTEM32;C:\WINDOWS\WinSxS\amd64_microsoft.windows.common-controls_6595b64144ccf1df_6.0.22621.6060_none_2712eda17382d24b;C:\Program Files\Android\Android Studio\jbr\bin\server

VM Arguments:
java_command: org.jetbrains.kotlin.cli.jvm.K2JVMCompiler @C:\Users\DNS\AndroidStudioProjects\zd6_v8_KMA\app\build\20251214_11590817195795883854.compiler.options
java_class_path (initial): C:\Users\DNS\.gradle\caches\modules-2\files-2.1\org.jetbrains.kotlin\kotlin-compiler-embeddable\1.9.10\57ca1b0823ae3ecb451a97e1f8e6de0b19ea5294\kotlin-compiler-embeddable-1.9.10.jar;C:\Users\DNS\.gradle\caches\modules-2\files-2.1\org.jetbrains.kotlin\kotlin-stdlib\1.9.10\72812e8a368917ab5c0a5081b56915ffdfec93b7\kotlin-stdlib-1.9.10.jar;C:\Users\DNS\.gradle\caches\modules-2\files-2.1\org.jetbrains.kotlin\kotlin-script-runtime\1.9.10\398513a8534701579cccaf5953ea914416b4696c\kotlin-script-runtime-1.9.10.jar;C:\Users\DNS\.gradle\caches\modules-2\files-2.1\org.jetbrains.kotlin\kotlin-reflect\1.6.10\1cbe9c92c12a94eea200d23c2bbaedaf3daf5132\kotlin-reflect-1.6.10.jar;C:\Users\DNS\.gradle\caches\modules-2\files-2.1\org.jetbrains.kotlin\kotlin-daemon-embeddable\1.9.10\bda2f7daa6b89d2ded2d9e1e0b0cadaf9446ade1\kotlin-daemon-embeddable-1.9.10.jar;C:\Users\DNS\.gradle\caches\modules-2\files-2.1\org.jetbrains.intellij.deps\trove4j\1.0.20200330\3afb14d5f9ceb459d724e907a21145e8ff394f02\trove4j-1.0.20200330.jar;C:\Users\DNS\.gradle\caches\modules-2\files-2.1\org.jetbrains.kotlin\kotlin-stdlib-common\1.9.10\dafaf2c27f27c09220cee312df10917d9a5d97ce\kotlin-stdlib-common-1.9.10.jar;C:\Users\DNS\.gradle\caches\modules-2\files-2.1\org.jetbrains\annotations\13.0\919f0dfe192fb4e063e7dacadee7f8bb9a2672a9\annotations-13.0.jar
Launcher Type: SUN_STANDARD

[Global flags]
     intx CICompilerCount                          = 3                                         {product} {ergonomic}
     uint ConcGCThreads                            = 1                                         {product} {ergonomic}
     uint G1ConcRefinementThreads                  = 4                                         {product} {ergonomic}
   size_t G1HeapRegionSize                         = 1048576                                   {product} {ergonomic}
    uintx GCDrainStackTargetSize                   = 64                                        {product} {ergonomic}
   size_t InitialHeapSize                          = 65011712                                  {product} {ergonomic}
   size_t MarkStackSize                            = 4194304                                   {product} {ergonomic}
   size_t MaxHeapSize                              = 1023410176                                {product} {ergonomic}
   size_t MaxNewSize                               = 613416960                                 {product} {ergonomic}
   size_t MinHeapDeltaBytes                        = 1048576                                   {product} {ergonomic}
   size_t MinHeapSize                              = 8388608                                   {product} {ergonomic}
    uintx NonNMethodCodeHeapSize                   = 5832780                                {pd product} {ergonomic}
    uintx NonProfiledCodeHeapSize                  = 122912730                              {pd product} {ergonomic}
    uintx ProfiledCodeHeapSize                     = 122912730                              {pd product} {ergonomic}
    uintx ReservedCodeCacheSize                    = 251658240                              {pd product} {ergonomic}
     bool SegmentedCodeCache                       = true                                      {product} {ergonomic}
   size_t SoftMaxHeapSize                          = 1023410176                             {manageable} {ergonomic}
     bool UseCompressedOops                        = true                           {product lp64_product} {ergonomic}
     bool UseG1GC                                  = true                                      {product} {ergonomic}
     bool UseLargePagesIndividualAllocation        = false                                  {pd product} {ergonomic}

Logging:
Log output configuration:
 #0: stdout all=warning uptime,level,tags foldmultilines=false
 #1: stderr all=off uptime,level,tags foldmultilines=false

Environment Variables:
PATH=C:\Program Files (x86)\NVIDIA Corporation\PhysX\Common;C:\Program Files (x86)\Common Files\Oracle\Java\java8path;C:\Program Files (x86)\Common Files\Oracle\Java\javapath;C:\Program Files (x86)\Common Files\Intel\Shared Libraries\redist\intel64\compiler;C:\ProgramData\Oracle\Java\javapath;C:\WINDOWS\system32;C:\WINDOWS;C:\WINDOWS\System32\Wbem;C:\WINDOWS\System32\WindowsPowerShell\v1.0\;C:\WINDOWS\System32\OpenSSH\;C:\Program Files\Microsoft SQL Server\Client SDK\ODBC\170\Tools\Binn\;C:\Program Files\dotnet\;C:\ffmpeg;C:\Program Files\AmneziaWG\;C:\Program Files\Azure Data Studio\bin;C:\Program Files\Git\cmd;C:\Program Files (x86)\Microsoft SQL Server\160\Tools\Binn\;C:\Program Files\Microsoft SQL Server\160\Tools\Binn\;C:\Program Files\Microsoft SQL Server\160\DTS\Binn\;C:\Program Files (x86)\Microsoft SQL Server\150\DTS\Binn\;C:\Program Files\Microsoft SQL Server\150\Tools\Binn\;C:\Program Files (x86)\Windows Kits\10\Windows Performance Toolkit\;C:\Users\DNS\AppData\Local\Microsoft\WindowsApps;C:\Users\DNS\.dotnet\tools;C:\Program Files\Azure Data Studio\bin;C:\Users\DNS\AppData\Local\Programs\Microsoft VS Code\bin
USERNAME=DNS
OS=Windows_NT
PROCESSOR_IDENTIFIER=Intel64 Family 6 Model 122 Stepping 8, GenuineIntel
TMP=C:\Users\DNS\AppData\Local\Temp
TEMP=C:\Users\DNS\AppData\Local\Temp




Periodic native trim disabled

JNI global refs:
JNI global refs: 11, weak refs: 15

JNI global refs memory usage: 835, weak refs: 833

Process memory usage:
Resident Set Size: 246164K (6% of 3993580K total physical memory with 234028K free physical memory)

OOME stack traces (most recent first):
Classloader memory used:
Loader jdk.internal.loader.ClassLoaders$AppClassLoader                                 : 52217K
Loader bootstrap                                                                       : 12587K
Loader java.net.URLClassLoader                                                         : 23568B

---------------  S Y S T E M  ---------------

OS:
 Windows 11 , 64 bit Build 22621 (10.0.22621.5415)
OS uptime: 0 days 18:46 hours
Hyper-V role detected

CPU: total 4 (initial active 4) (4 cores per cpu, 1 threads per core) family 6 model 122 stepping 8 microcode 0x18, cx8, cmov, fxsr, mmx, 3dnowpref, sse, sse2, sse3, ssse3, sse4.1, sse4.2, popcnt, tsc, tscinvbit, aes, erms, clmul, sha, clflush, clflushopt, hv, rdtscp, rdpid
Processor Information for the first 4 processors :
  Max Mhz: 1101, Current Mhz: 1101, Mhz Limit: 1101

Memory: 4k page, system-wide physical 3899M (233M free)
TotalPageFile size 15675M (AvailPageFile size 5M)
current process WorkingSet (physical memory assigned to process): 240M, peak: 250M
current process commit charge ("private bytes"): 312M, peak: 317M

vm_info: OpenJDK 64-Bit Server VM (21.0.6+-13355223-b631.42) for windows-amd64 JRE (21.0.6+-13355223-b631.42), built on 2025-04-14T18:21:23Z by "builder" with MS VC++ 16.10 / 16.11 (VS2019)

END.
